<?xml version="1.0" encoding="UTF-8" ?>
<testsuite tests="4" failures="0" name="co.edu.unicauca.labis2.agencia_viajes.ViajeTest" time="0.499" errors="0" skipped="0">
  <properties>
[...]
</properties>
  <testcase classname="co.edu.unicauca.labis2.agencia_viajes.ViajeTest" name="co.edu.unicauca.labis2.agencia_viajes.ViajeTest.testViajeTodoIncluido" time="0.463"/>
  <testcase classname="co.edu.unicauca.labis2.agencia_viajes.ViajeTest" name="co.edu.unicauca.labis2.agencia_viajes.ViajeTest.testViajeIndividual" time="0"/>
  <testcase classname="co.edu.unicauca.labis2.agencia_viajes.ViajeTest" name="co.edu.unicauca.labis2.agencia_viajes.ViajeTest.testViajeFamiliar" time="0.019"/>
  <testcase classname="co.edu.unicauca.labis2.agencia_viajes.ViajeTest" name="co.edu.unicauca.labis2.agencia_viajes.ViajeTest.testViajeIncentivo" time="0.017"/>
</testsuite>