<?xml version="1.0" encoding="UTF-8"?>
<testsuite xmlns:xsi="http://www.w3.org/2001/XMLSchema-instance" xsi:noNamespaceSchemaLocation="https://maven.apache.org/surefire/maven-surefire-plugin/xsd/surefire-test-report.xsd" name="ViajeTest" time="0.047" tests="4" errors="0" skipped="0" failures="0">
  <properties>
[...]
</properties>
  <testcase name="testViajeIncentivo" classname="ViajeTest" time="0.031"/>
  <testcase name="testViajeTodoIncluido" classname="ViajeTest" time="0"/>
  <testcase name="testViajeIndividual" classname="ViajeTest" time="0"/>
  <testcase name="testViajeFamiliar" classname="ViajeTest" time="0.016"/>
</testsuite>