<?xml version="1.0" encoding="UTF-8"?>
<testsuite xmlns:xsi="http://www.w3.org/2001/XMLSchema-instance" xsi:noNamespaceSchemaLocation="https://maven.apache.org/surefire/maven-surefire-plugin/xsd/surefire-test-report.xsd" name="co.unicauca.edu.tallerpolimorfismo.test.clsViajeTest" time="0.172" tests="4" errors="0" skipped="0" failures="0">
  <properties>
[...]
</properties>
  <testcase name="testClsViajeIndividual" classname="co.unicauca.edu.tallerpolimorfismo.test.clsViajeTest" time="0.015"/>
  <testcase name="testClsViajeFamiliar" classname="co.unicauca.edu.tallerpolimorfismo.test.clsViajeTest" time="0"/>
  <testcase name="testClsViajeIncentivo" classname="co.unicauca.edu.tallerpolimorfismo.test.clsViajeTest" time="0.016"/>
  <testcase name="testClsViajeTodoIncluido" classname="co.unicauca.edu.tallerpolimorfismo.test.clsViajeTest" time="0"/>
</testsuite>