<?xml version="1.0" encoding="UTF-8" ?>
<testsuite tests="4" failures="0" name="co.unicauca.edu.tallerpolimorfismo.test.clsViajeTest" time="0.099" errors="0" skipped="0">
  <properties>
[...]
</properties>
  <testcase classname="co.unicauca.edu.tallerpolimorfismo.test.clsViajeTest" name="testClsViajeIndividual" time="0.081"/>
  <testcase classname="co.unicauca.edu.tallerpolimorfismo.test.clsViajeTest" name="testClsViajeFamiliar" time="0.003"/>
  <testcase classname="co.unicauca.edu.tallerpolimorfismo.test.clsViajeTest" name="testClsViajeIncentivo" time="0.011"/>
  <testcase classname="co.unicauca.edu.tallerpolimorfismo.test.clsViajeTest" name="testClsViajeTodoIncluido" time="0.004"/>
</testsuite>