<?xml version="1.0" encoding="UTF-8" ?>
<testsuite tests="4" failures="0" name="modelo.ViajeTest" time="0.045" errors="0" skipped="0">
  <properties>
[...]
</properties>
  <testcase classname="modelo.ViajeTest" name="testViajeIncentivo" time="0.042"/>
  <testcase classname="modelo.ViajeTest" name="testViajeTodoIncluido" time="0"/>
  <testcase classname="modelo.ViajeTest" name="testViajeIndividual" time="0.001"/>
  <testcase classname="modelo.ViajeTest" name="testViajeFamiliar" time="0.002"/>
</testsuite>